
REWRAPPING C:\temp.pls
    =>     C:\temp.SQL

CREATE OR REPLACE FUNCTION UW_SIMPLE_A wrapped
0
abcd
abcd
abcd
abcd
abcd
abcd
abcd
abcd
abcd
abcd
abcd
abcd
abcd
abcd
abcd
3
8
9200000
1
4
0
WRAP VERSION => 9200000

9
2 :e:
1FUNCTION:
FUNCTION
1UW_SIMPLE_A:
UW_SIMPLE_A
1P_NUMBER_A:
P_NUMBER_A
1NUMBER:
NUMBER
1RETURN:
RETURN
1VARCHAR2:
VARCHAR2
1L_VAR_A:
L_VAR_A
1100:
100
1*:
*
0

0
0
25
2
0 a0 8d 8f a0 b0 3d b4
A0->TBL
8D->TBL
8F->TBL
A0->TBL
B0->TBL
3D->TBL
B4->TBL
:2 a0 2c 6a a3 a0 1c 51 81
A0->TBL
A0->TBL
2C->TBL
6A->TBL
A3->TBL
A0->TBL
1C->TBL
51->TBL
81->TBL
b0 :2 a0 7e a0 b4 2e d :2 a0
B0->TBL
A0->TBL
A0->TBL
7E->TBL
A0->TBL
B4->TBL
2E->TBL
D->TBL
A0->TBL
A0->TBL
65 b7 a4 b1 11 68 4f 1d
65->TBL
B7->TBL
A4->TBL
B1->TBL
11->TBL
68->TBL
4F->TBL
1D->TBL
17 b5
17->TBL
B5->TBL
25
2
0 3 7 23 1f 1e 2b 1b
3->TBL
7->TBL
23->TBL
1F->TBL
1E->TBL
2B->TBL
1B->TBL
30 34 38 3c 58 44 48 50
30->TBL
34->TBL
38->TBL
3C->TBL
58->TBL
44->TBL
48->TBL
50->TBL
53 43 5f 63 40 67 6b 6c
53->TBL
43->TBL
5F->TBL
63->TBL
40->TBL
67->TBL
6B->TBL
6C->TBL
71 75 79 7d 81 83 87 89
71->TBL
75->TBL
79->TBL
7D->TBL
81->TBL
83->TBL
87->TBL
89->TBL
95 99 9b 9c a5
95->TBL
99->TBL
9B->TBL
9C->TBL
A5->TBL
25
2
0 1 a 3 e :2 3 :2 1 8
:2 1 3 :2 b 15 b :2 3 e 19
1b :2 e :2 3 a 3 :9 1
25
4
0 :2 1 :4 3 2
:2 5 :2 1 :6 6 :7 8
:3 9 :2 7 :7 1
a7
4
:3 0 1 :3 0 2
0->TBL
0->TBL
1->TBL
0->TBL
0->TBL
0->TBL
2->TBL
:a 0 20 1 :7 0
0->TBL
0->TBL
0->TBL
0->TBL
0->TBL
0->TBL
0->TBL
0->TBL
0->TBL
0->TBL
20->TBL
1->TBL
0->TBL
0->TBL
0->TBL
0->TBL
0->TBL
0->TBL
0->TBL
5 :2 0 3 4
5->TBL
0->TBL
0->TBL
3->TBL
4->TBL
:3 0 3 :7 0 5
0->TBL
0->TBL
0->TBL
3->TBL
0->TBL
0->TBL
0->TBL
0->TBL
0->TBL
0->TBL
0->TBL
5->TBL
4 :3 0 5 :3 0
4->TBL
0->TBL
0->TBL
0->TBL
5->TBL
0->TBL
0->TBL
0->TBL
6 :3 0 7 9
6->TBL
0->TBL
0->TBL
0->TBL
7->TBL
9->TBL
0 20 2 a
0->TBL
20->TBL
2->TBL
A->TBL
:2 0 9 :2 0 7
0->TBL
0->TBL
9->TBL
0->TBL
0->TBL
7->TBL
4 :3 0 d :7 0
4->TBL
0->TBL
0->TBL
0->TBL
D->TBL
0->TBL
0->TBL
0->TBL
0->TBL
0->TBL
0->TBL
0->TBL
8 :2 0 11 e
8->TBL
0->TBL
0->TBL
11->TBL
E->TBL
f 1e 0 7
F->TBL
1E->TBL
0->TBL
7->TBL
:6 0 7 :3 0 3
0->TBL
0->TBL
0->TBL
0->TBL
0->TBL
0->TBL
7->TBL
0->TBL
0->TBL
0->TBL
3->TBL
:3 0 7 :3 0 9
0->TBL
0->TBL
0->TBL
7->TBL
0->TBL
0->TBL
0->TBL
9->TBL
14 16 :3 0 12
14->TBL
16->TBL
0->TBL
0->TBL
0->TBL
12->TBL
17 0 1c 5
17->TBL
0->TBL
1C->TBL
5->TBL
:3 0 7 :3 0 1a
0->TBL
0->TBL
0->TBL
7->TBL
0->TBL
0->TBL
0->TBL
1A->TBL
:2 0 1c c 1f
0->TBL
0->TBL
1C->TBL
C->TBL
1F->TBL
:3 0 1f f 1f
0->TBL
0->TBL
0->TBL
1F->TBL
F->TBL
1F->TBL
1e 1c 1d :6 0
1E->TBL
1C->TBL
1D->TBL
0->TBL
0->TBL
0->TBL
0->TBL
0->TBL
0->TBL
20 :2 0 2 a
20->TBL
0->TBL
0->TBL
2->TBL
A->TBL
1f 23 :3 0 22
1F->TBL
23->TBL
0->TBL
0->TBL
0->TBL
22->TBL
20 24 :8 0
20->TBL
24->TBL
0->TBL
0->TBL
0->TBL
0->TBL
0->TBL
0->TBL
0->TBL
0->TBL
11
4
:3 0 1 3 1
0->TBL
0->TBL
1->TBL
3->TBL
1->TBL
6 1 c 2
6->TBL
1->TBL
C->TBL
2->TBL
13 15 2 18
13->TBL
15->TBL
2->TBL
18->TBL
1b 1 10
1B->TBL
1->TBL
10->TBL

ANALYZE...

global block end->B5[24(36)]
 0 0

declare global block->17[23(35)]
 22->1D 20->68 24->B5 0 0 0 0 0 0

declare procedure/function->68[20(32)]
 2->8D A->2C 1F->11 23->17

function info->8D[2(2)]
 2->UW_SIMPLE_A 0 0 0 0 0 0 0 0 0 0 20->68 1 0 0 0 0 0 0 0

declare function params->2C[A(10)]
 7->B4 9->A0 0 20->68

get params->B4[7(7)]
 5->1

declare IN param->3D[6(6)]
 5->B0 4->A0 0 0 0

make list names->B0[5(5)]
 3->1

param IN info->8F[3(3)]
 3->8F 0 0 0 0 0 0

lex->A0[4(4)]
 4->NUMBER 0 0 0

lex->A0[9(9)]
 6->VARCHAR2 0 0 0

body blocks info->11[1F(31)]
 1E->B1 1C->B7 1D->A4 0 0 0 0 0 0 20->68 0 0

declare block info->B1[1E(30)]
 F->1 1F->11

declare variable/field->81[10(16)]
 11->B0 E->1C F->51 1E->B1

make list names->B0[11(17)]
 7->1

variable/field info->A3[C(12)]
 7->L_VAR_A 0 0 0 0 0 0

declare type->1C[E(14)]
 D->A0 0 0 0 0 0 0 0

lex->A0[D(13)]
 4->NUMBER 0 0 0

num lex->51[F(15)]
 8->100 0 0

execute block info->B7[1C(28)]
 C->2 1F->11

:= operator->D[18(24)]
 12->A0 17->2E 0 1C->B7

lex->A0[12(18)]
 7->L_VAR_A 0 0 0

execute operation/function->2E[17(23)]
 14->7E 16->B4 0 0 0

operation->7E[14(20)]
 9->* 0 0

get params->B4[16(22)]
 9->2

lex->A0[13(19)]
 3->P_NUMBER_A 0 0 0

lex->A0[15(21)]
 7->L_VAR_A 0 0 0

RETURN->65[1B(27)]
 1A->A0 0 0 1C->B7

lex->A0[1A(26)]
 7->L_VAR_A 0 0 0

CASE/exception block info->A4[1D(29)]
 0 0 0 1F->11
1
4
0
23
0
1
14
1
3
0 0 0 0 0 0 0 0
0 0 0 0 0 0 0 0
0 0 0 0
3 1 0
c 1 0
2 0 1
0

/


